<LoggerRecord>
	<LoggerName>Order Service-1</LoggerName>
	<TimeStamp>Sat Sep 14 17:36:33 IST 2019</TimeStamp>
	<Message>Order Request - 10</Message>
</LoggerRecord>
<LoggerRecord>
	<LoggerName>Tracking Service-1</LoggerName>
	<TimeStamp>Sat Sep 14 17:36:34 IST 2019</TimeStamp>
	<Message>Tracking Request - 0</Message>
</LoggerRecord>
<LoggerRecord>
	<LoggerName>Tracking Service-1</LoggerName>
	<TimeStamp>Sat Sep 14 17:36:34 IST 2019</TimeStamp>
	<Message>Tracking Request - 1</Message>
</LoggerRecord>
<LoggerRecord>
	<LoggerName>Tracking Service-1</LoggerName>
	<TimeStamp>Sat Sep 14 17:36:38 IST 2019</TimeStamp>
	<Message>Tracking Request - 2</Message>
</LoggerRecord>
<LoggerRecord>
	<LoggerName>Order Service-2</LoggerName>
	<TimeStamp>Sat Sep 14 17:36:38 IST 2019</TimeStamp>
	<Message>Order Request - 0</Message>
</LoggerRecord>
<LoggerRecord>
	<LoggerName>Order Service-1</LoggerName>
	<TimeStamp>Sat Sep 14 17:36:39 IST 2019</TimeStamp>
	<Message>Order Request - 11</Message>
</LoggerRecord>
<LoggerRecord>
	<LoggerName>Order Service-2</LoggerName>
	<TimeStamp>Sat Sep 14 17:36:40 IST 2019</TimeStamp>
	<Message>Order Request - 1</Message>
</LoggerRecord>
<LoggerRecord>
	<LoggerName>Tracking Service-2</LoggerName>
	<TimeStamp>Sat Sep 14 17:36:40 IST 2019</TimeStamp>
	<Message>Tracking Request - 10</Message>
</LoggerRecord>
<LoggerRecord>
	<LoggerName>Tracking Service-2</LoggerName>
	<TimeStamp>Sat Sep 14 17:36:40 IST 2019</TimeStamp>
	<Message>Tracking Request - 11</Message>
</LoggerRecord>
<LoggerRecord>
	<LoggerName>Tracking Service-1</LoggerName>
	<TimeStamp>Sat Sep 14 17:36:41 IST 2019</TimeStamp>
	<Message>Tracking Request - 3</Message>
</LoggerRecord>
<LoggerRecord>
	<LoggerName>Order Service-2</LoggerName>
	<TimeStamp>Sat Sep 14 17:36:44 IST 2019</TimeStamp>
	<Message>Order Request - 2</Message>
</LoggerRecord>
<LoggerRecord>
	<LoggerName>Order Service-1</LoggerName>
	<TimeStamp>Sat Sep 14 17:36:44 IST 2019</TimeStamp>
	<Message>Order Request - 12</Message>
</LoggerRecord>
<LoggerRecord>
	<LoggerName>Order Service-1</LoggerName>
	<TimeStamp>Sat Sep 14 17:36:46 IST 2019</TimeStamp>
	<Message>Order Request - 13</Message>
</LoggerRecord>
<LoggerRecord>
	<LoggerName>Tracking Service-1</LoggerName>
	<TimeStamp>Sat Sep 14 17:36:47 IST 2019</TimeStamp>
	<Message>Tracking Request - 4</Message>
</LoggerRecord>
<LoggerRecord>
	<LoggerName>Tracking Service-2</LoggerName>
	<TimeStamp>Sat Sep 14 17:36:48 IST 2019</TimeStamp>
	<Message>Tracking Request - 12</Message>
</LoggerRecord>
<LoggerRecord>
	<LoggerName>Order Service-1</LoggerName>
	<TimeStamp>Sat Sep 14 17:36:48 IST 2019</TimeStamp>
	<Message>Order Request - 14</Message>
</LoggerRecord>
<LoggerRecord>
	<LoggerName>Order Service-2</LoggerName>
	<TimeStamp>Sat Sep 14 17:36:48 IST 2019</TimeStamp>
	<Message>Order Request - 3</Message>
</LoggerRecord>
<LoggerRecord>
	<LoggerName>Order Service-2</LoggerName>
	<TimeStamp>Sat Sep 14 17:36:50 IST 2019</TimeStamp>
	<Message>Order Request - 4</Message>
</LoggerRecord>
<LoggerRecord>
	<LoggerName>Tracking Service-2</LoggerName>
	<TimeStamp>Sat Sep 14 17:36:54 IST 2019</TimeStamp>
	<Message>Tracking Request - 13</Message>
</LoggerRecord>
<LoggerRecord>
	<LoggerName>Tracking Service-2</LoggerName>
	<TimeStamp>Sat Sep 14 17:37:01 IST 2019</TimeStamp>
	<Message>Tracking Request - 14</Message>
</LoggerRecord>
<LoggerRecord>
	<LoggerName>Tracking Service-2</LoggerName>
	<TimeStamp>Sat Sep 14 17:42:56 IST 2019</TimeStamp>
	<Message>Tracking Request - 10</Message>
</LoggerRecord>
<LoggerRecord>
	<LoggerName>Tracking Service-2</LoggerName>
	<TimeStamp>Sat Sep 14 17:42:56 IST 2019</TimeStamp>
	<Message>Tracking Request - 11</Message>
</LoggerRecord>
<LoggerRecord>
	<LoggerName>Order Service-2</LoggerName>
	<TimeStamp>Sat Sep 14 17:42:57 IST 2019</TimeStamp>
	<Message>Order Request - 0</Message>
</LoggerRecord>
<LoggerRecord>
	<LoggerName>Order Service-2</LoggerName>
	<TimeStamp>Sat Sep 14 17:42:57 IST 2019</TimeStamp>
	<Message>Order Request - 1</Message>
</LoggerRecord>
<LoggerRecord>
	<LoggerName>Tracking Service-1</LoggerName>
	<TimeStamp>Sat Sep 14 17:42:58 IST 2019</TimeStamp>
	<Message>Tracking Request - 0</Message>
</LoggerRecord>
<LoggerRecord>
	<LoggerName>Order Service-2</LoggerName>
	<TimeStamp>Sat Sep 14 17:43:00 IST 2019</TimeStamp>
	<Message>Order Request - 2</Message>
</LoggerRecord>
<LoggerRecord>
	<LoggerName>Order Service-2</LoggerName>
	<TimeStamp>Sat Sep 14 17:43:02 IST 2019</TimeStamp>
	<Message>Order Request - 3</Message>
</LoggerRecord>
<LoggerRecord>
	<LoggerName>Order Service-1</LoggerName>
	<TimeStamp>Sat Sep 14 17:43:02 IST 2019</TimeStamp>
	<Message>Order Request - 10</Message>
</LoggerRecord>
<LoggerRecord>
	<LoggerName>Order Service-1</LoggerName>
	<TimeStamp>Sat Sep 14 17:43:03 IST 2019</TimeStamp>
	<Message>Order Request - 11</Message>
</LoggerRecord>
<LoggerRecord>
	<LoggerName>Tracking Service-2</LoggerName>
	<TimeStamp>Sat Sep 14 17:43:03 IST 2019</TimeStamp>
	<Message>Tracking Request - 12</Message>
</LoggerRecord>
<LoggerRecord>
	<LoggerName>Order Service-2</LoggerName>
	<TimeStamp>Sat Sep 14 17:43:03 IST 2019</TimeStamp>
	<Message>Order Request - 4</Message>
</LoggerRecord>
<LoggerRecord>
	<LoggerName>Order Service-1</LoggerName>
	<TimeStamp>Sat Sep 14 17:43:06 IST 2019</TimeStamp>
	<Message>Order Request - 12</Message>
</LoggerRecord>
<LoggerRecord>
	<LoggerName>Tracking Service-1</LoggerName>
	<TimeStamp>Sat Sep 14 17:43:08 IST 2019</TimeStamp>
	<Message>Tracking Request - 1</Message>
</LoggerRecord>
<LoggerRecord>
	<LoggerName>Tracking Service-1</LoggerName>
	<TimeStamp>Sat Sep 14 17:43:09 IST 2019</TimeStamp>
	<Message>Tracking Request - 2</Message>
</LoggerRecord>
<LoggerRecord>
	<LoggerName>Order Service-1</LoggerName>
	<TimeStamp>Sat Sep 14 17:43:09 IST 2019</TimeStamp>
	<Message>Order Request - 13</Message>
</LoggerRecord>
<LoggerRecord>
	<LoggerName>Order Service-1</LoggerName>
	<TimeStamp>Sat Sep 14 17:43:09 IST 2019</TimeStamp>
	<Message>Order Request - 14</Message>
</LoggerRecord>
<LoggerRecord>
	<LoggerName>Tracking Service-2</LoggerName>
	<TimeStamp>Sat Sep 14 17:43:12 IST 2019</TimeStamp>
	<Message>Tracking Request - 13</Message>
</LoggerRecord>
<LoggerRecord>
	<LoggerName>Tracking Service-2</LoggerName>
	<TimeStamp>Sat Sep 14 17:43:16 IST 2019</TimeStamp>
	<Message>Tracking Request - 14</Message>
</LoggerRecord>
<LoggerRecord>
	<LoggerName>Tracking Service-1</LoggerName>
	<TimeStamp>Sat Sep 14 17:43:18 IST 2019</TimeStamp>
	<Message>Tracking Request - 3</Message>
</LoggerRecord>
<LoggerRecord>
	<LoggerName>Tracking Service-1</LoggerName>
	<TimeStamp>Sat Sep 14 17:43:24 IST 2019</TimeStamp>
	<Message>Tracking Request - 4</Message>
</LoggerRecord>
<LoggerRecord>
	<LoggerName>Tracking Service-2</LoggerName>
	<TimeStamp>Sat Sep 14 20:36:48 IST 2019</TimeStamp>
	<Message>Tracking Request - 10</Message>
</LoggerRecord>
<LoggerRecord>
	<LoggerName>Tracking Service-1</LoggerName>
	<TimeStamp>Sat Sep 14 20:36:48 IST 2019</TimeStamp>
	<Message>Tracking Request - 0</Message>
</LoggerRecord>
<LoggerRecord>
	<LoggerName>Order Service-1</LoggerName>
	<TimeStamp>Sat Sep 14 20:36:48 IST 2019</TimeStamp>
	<Message>Order Request - 10</Message>
</LoggerRecord>
<LoggerRecord>
	<LoggerName>Order Service-2</LoggerName>
	<TimeStamp>Sat Sep 14 20:36:51 IST 2019</TimeStamp>
	<Message>Order Request - 0</Message>
</LoggerRecord>
<LoggerRecord>
	<LoggerName>Order Service-1</LoggerName>
	<TimeStamp>Sat Sep 14 20:36:52 IST 2019</TimeStamp>
	<Message>Order Request - 11</Message>
</LoggerRecord>
<LoggerRecord>
	<LoggerName>Tracking Service-1</LoggerName>
	<TimeStamp>Sat Sep 14 20:36:54 IST 2019</TimeStamp>
	<Message>Tracking Request - 1</Message>
</LoggerRecord>
<LoggerRecord>
	<LoggerName>Tracking Service-2</LoggerName>
	<TimeStamp>Sat Sep 14 20:36:57 IST 2019</TimeStamp>
	<Message>Tracking Request - 11</Message>
</LoggerRecord>
<LoggerRecord>
	<LoggerName>Order Service-2</LoggerName>
	<TimeStamp>Sat Sep 14 20:36:58 IST 2019</TimeStamp>
	<Message>Order Request - 1</Message>
</LoggerRecord>
<LoggerRecord>
	<LoggerName>Order Service-1</LoggerName>
	<TimeStamp>Sat Sep 14 20:37:00 IST 2019</TimeStamp>
	<Message>Order Request - 12</Message>
</LoggerRecord>
<LoggerRecord>
	<LoggerName>Order Service-1</LoggerName>
	<TimeStamp>Sat Sep 14 20:37:00 IST 2019</TimeStamp>
	<Message>Order Request - 13</Message>
</LoggerRecord>
<LoggerRecord>
	<LoggerName>Order Service-1</LoggerName>
	<TimeStamp>Sat Sep 14 20:37:01 IST 2019</TimeStamp>
	<Message>Order Request - 14</Message>
</LoggerRecord>
<LoggerRecord>
	<LoggerName>Tracking Service-1</LoggerName>
	<TimeStamp>Sat Sep 14 20:37:03 IST 2019</TimeStamp>
	<Message>Tracking Request - 2</Message>
</LoggerRecord>
<LoggerRecord>
	<LoggerName>Tracking Service-2</LoggerName>
	<TimeStamp>Sat Sep 14 20:37:05 IST 2019</TimeStamp>
	<Message>Tracking Request - 12</Message>
</LoggerRecord>
<LoggerRecord>
	<LoggerName>Order Service-2</LoggerName>
	<TimeStamp>Sat Sep 14 20:37:05 IST 2019</TimeStamp>
	<Message>Order Request - 2</Message>
</LoggerRecord>
<LoggerRecord>
	<LoggerName>Order Service-2</LoggerName>
	<TimeStamp>Sat Sep 14 20:37:06 IST 2019</TimeStamp>
	<Message>Order Request - 3</Message>
</LoggerRecord>
<LoggerRecord>
	<LoggerName>Tracking Service-1</LoggerName>
	<TimeStamp>Sat Sep 14 20:37:07 IST 2019</TimeStamp>
	<Message>Tracking Request - 3</Message>
</LoggerRecord>
<LoggerRecord>
	<LoggerName>Order Service-2</LoggerName>
	<TimeStamp>Sat Sep 14 20:37:09 IST 2019</TimeStamp>
	<Message>Order Request - 4</Message>
</LoggerRecord>
<LoggerRecord>
	<LoggerName>Tracking Service-1</LoggerName>
	<TimeStamp>Sat Sep 14 20:37:12 IST 2019</TimeStamp>
	<Message>Tracking Request - 4</Message>
</LoggerRecord>
<LoggerRecord>
	<LoggerName>Tracking Service-2</LoggerName>
	<TimeStamp>Sat Sep 14 20:37:14 IST 2019</TimeStamp>
	<Message>Tracking Request - 13</Message>
</LoggerRecord>
<LoggerRecord>
	<LoggerName>Tracking Service-2</LoggerName>
	<TimeStamp>Sat Sep 14 20:37:20 IST 2019</TimeStamp>
	<Message>Tracking Request - 14</Message>
</LoggerRecord>
